<?xml version="1.0" encoding="UTF-8"?>
<!-- Generated by org.testng.reporters.JUnitReportReporter -->
<testsuite hostname="Tanays-MBP" failures="0" tests="1" name="JSONResponseValidation.handleJSONArray" time="2.194" errors="0" timestamp="2023-06-14T13:46:08 EDT" skipped="0">
  <testcase classname="JSONResponseValidation.handleJSONArray" name="verifyResponseBody" time="2.194"/>
  <system-out/>
</testsuite> <!-- JSONResponseValidation.handleJSONArray -->
