<?xml version="1.0" encoding="UTF-8"?>
<!-- Generated by org.testng.reporters.JUnitReportReporter -->
<testsuite hostname="Tanays-MBP" failures="0" tests="2" name="basic.rest.postcall.deleteRequest" time="3.101" errors="0" timestamp="2023-06-06T15:24:08 EDT" skipped="0">
  <testcase classname="basic.rest.postcall.deleteRequest" name="createRepo" time="2.732"/>
  <system-out/>
  <testcase classname="basic.rest.postcall.deleteRequest" name="deleteRepo" time="0.369"/>
  <system-out/>
</testsuite> <!-- basic.rest.postcall.deleteRequest -->
