<?xml version="1.0" encoding="UTF-8"?>
<!-- Generated by org.testng.reporters.JUnitReportReporter -->
<testsuite hostname="Tanays-MBP" failures="0" tests="2" name="POJO.JSONArraySerialization" time="0.213" errors="0" timestamp="2023-08-08T17:18:09 EDT" skipped="0">
  <testcase classname="POJO.JSONArraySerialization" name="getPOJOFromObject" time="0.034"/>
  <system-out/>
  <testcase classname="POJO.JSONArraySerialization" name="createJSONArrayFromPOJO" time="0.179"/>
  <system-out/>
</testsuite> <!-- POJO.JSONArraySerialization -->
