<?xml version="1.0" encoding="UTF-8"?>
<!-- Generated by org.testng.reporters.JUnitReportReporter -->
<testsuite hostname="Tanays-MBP" failures="0" tests="2" name="POJO.DataSerializeAndDeserialize" time="0.199" errors="0" timestamp="2023-06-15T13:34:52 EDT" skipped="0">
  <testcase classname="POJO.DataSerializeAndDeserialize" name="createDatafromPOJO" time="0.174"/>
  <system-out/>
  <testcase classname="POJO.DataSerializeAndDeserialize" name="getPojoFromObject" time="0.025"/>
  <system-out/>
</testsuite> <!-- POJO.DataSerializeAndDeserialize -->
