<?xml version="1.0" encoding="UTF-8"?>
<!-- Generated by org.testng.reporters.JUnitReportReporter -->
<testsuite hostname="Tanays-MBP" failures="0" tests="2" name="basic.rest.getcall.verifyresponsetest" time="1.943" errors="0" timestamp="2023-06-14T14:33:21 EDT" skipped="0">
  <testcase classname="basic.rest.getcall.verifyresponsetest" name="verifyResponseBody" time="1.735"/>
  <system-out/>
  <testcase classname="basic.rest.getcall.verifyresponsetest" name="verifyResponseHeader" time="0.208"/>
  <system-out/>
</testsuite> <!-- basic.rest.getcall.verifyresponsetest -->
