<?xml version="1.0" encoding="UTF-8"?>
<!-- Generated by org.testng.reporters.JUnitReportReporter -->
<testsuite hostname="Tanays-MBP" failures="0" tests="1" name="basic.rest.postcall.postcallautomation" time="2.413" errors="0" timestamp="2023-06-05T14:56:50 EDT" skipped="0">
  <testcase classname="basic.rest.postcall.postcallautomation" name="createBoard" time="2.413"/>
  <system-out/>
</testsuite> <!-- basic.rest.postcall.postcallautomation -->
