<?xml version="1.0" encoding="UTF-8"?>
<!-- Generated by org.testng.reporters.JUnitReportReporter -->
<testsuite hostname="Tanays-MBP" failures="0" tests="1" name="basic.rest.postcall.extractRequestResponse" time="2.560" errors="0" timestamp="2023-06-05T17:06:32 EDT" skipped="0">
  <testcase classname="basic.rest.postcall.extractRequestResponse" name="extractResponse" time="2.560"/>
  <system-out/>
</testsuite> <!-- basic.rest.postcall.extractRequestResponse -->
