<?xml version="1.0" encoding="UTF-8"?>
<!-- Generated by org.testng.reporters.JUnitReportReporter -->
<testsuite hostname="Tanays-MBP" failures="0" tests="1" name="basic.rest.postcall.createGitHubRepo" time="2.390" errors="0" timestamp="2023-06-05T16:05:27 EDT" skipped="0">
  <testcase classname="basic.rest.postcall.createGitHubRepo" name="createRepository" time="2.390"/>
  <system-out/>
</testsuite> <!-- basic.rest.postcall.createGitHubRepo -->
