<?xml version="1.0" encoding="UTF-8"?>
<!-- Generated by org.testng.reporters.JUnitReportReporter -->
<testsuite hostname="Tanays-MBP" failures="0" tests="1" name="JSONResponseValidation.handleGITArray" time="1.736" errors="0" timestamp="2023-06-06T23:21:08 EDT" skipped="0">
  <testcase classname="JSONResponseValidation.handleGITArray" name="gitResponseRepos" time="1.736"/>
  <system-out/>
</testsuite> <!-- JSONResponseValidation.handleGITArray -->
